0 info it worked if it ends with ok
1 verbose cli [ '/usr/bin/nodejs', '/usr/bin/npm', 'run', 'start:prod' ]
2 info using npm@3.10.9
3 info using node@v6.9.2
4 verbose run-script [ 'prestart:prod', 'start:prod', 'poststart:prod' ]
5 info lifecycle myhike@0.0.0~prestart:prod: myhike@0.0.0
6 silly lifecycle myhike@0.0.0~prestart:prod: no script for prestart:prod, continuing
7 info lifecycle myhike@0.0.0~start:prod: myhike@0.0.0
8 verbose lifecycle myhike@0.0.0~start:prod: unsafe-perm in lifecycle true
9 verbose lifecycle myhike@0.0.0~start:prod: PATH: /usr/lib/node_modules/npm/bin/node-gyp-bin:/home/crash/js/reactjs/projects/myhike/node_modules/.bin:/home/crash/npm/lib/node_modules/npm/bin/node-gyp-bin:/home/crash/js/reactjs/projects/myhike/node_modules/.bin:/usr/bin:/home/crash/npm/bin:/usr/local/sbin:/usr/local/bin:/usr/sbin:/usr/bin:/sbin:/bin:/usr/games:/usr/local/games:/home/crash/.node/bin
10 verbose lifecycle myhike@0.0.0~start:prod: CWD: /home/crash/js/reactjs/projects/myhike
11 silly lifecycle myhike@0.0.0~start:prod: Args: [ '-c', 'npm run build && node app.bundle.js' ]
12 silly lifecycle myhike@0.0.0~start:prod: Returned: code: 1  signal: null
13 info lifecycle myhike@0.0.0~start:prod: Failed to exec start:prod script
14 verbose stack Error: myhike@0.0.0 start:prod: `npm run build && node app.bundle.js`
14 verbose stack Exit status 1
14 verbose stack     at EventEmitter.<anonymous> (/usr/lib/node_modules/npm/lib/utils/lifecycle.js:255:16)
14 verbose stack     at emitTwo (events.js:106:13)
14 verbose stack     at EventEmitter.emit (events.js:191:7)
14 verbose stack     at ChildProcess.<anonymous> (/usr/lib/node_modules/npm/lib/utils/spawn.js:40:14)
14 verbose stack     at emitTwo (events.js:106:13)
14 verbose stack     at ChildProcess.emit (events.js:191:7)
14 verbose stack     at maybeClose (internal/child_process.js:877:16)
14 verbose stack     at Process.ChildProcess._handle.onexit (internal/child_process.js:226:5)
15 verbose pkgid myhike@0.0.0
16 verbose cwd /home/crash/js/reactjs/projects/myhike
17 error Linux 3.19.0-32-generic
18 error argv "/usr/bin/nodejs" "/usr/bin/npm" "run" "start:prod"
19 error node v6.9.2
20 error npm  v3.10.9
21 error code ELIFECYCLE
22 error myhike@0.0.0 start:prod: `npm run build && node app.bundle.js`
22 error Exit status 1
23 error Failed at the myhike@0.0.0 start:prod script 'npm run build && node app.bundle.js'.
23 error Make sure you have the latest version of node.js and npm installed.
23 error If you do, this is most likely a problem with the myhike package,
23 error not with npm itself.
23 error Tell the author that this fails on your system:
23 error     npm run build && node app.bundle.js
23 error You can get information on how to open an issue for this project with:
23 error     npm bugs myhike
23 error Or if that isn't available, you can get their info via:
23 error     npm owner ls myhike
23 error There is likely additional logging output above.
24 verbose exit [ 1, true ]
